This file contains any messages produced by compilers while
running configure, to aid debugging if configure makes a mistake.

It was created by configure, which was
generated by GNU Autoconf 2.57.  Invocation command line was

  $ ./configure 

## --------- ##
## Platform. ##
## --------- ##

hostname = brains
uname -m = i686
uname -r = 2.6.9-1.667
uname -s = Linux
uname -v = #1 Tue Nov 2 14:41:25 EST 2004

/usr/bin/uname -p = unknown
/bin/uname -X     = unknown

/bin/arch              = i686
/usr/bin/arch -k       = unknown
/usr/convex/getsysinfo = unknown
hostinfo               = unknown
/bin/machine           = unknown
/usr/bin/oslevel       = unknown
/bin/universe          = unknown

PATH: /usr/java/j2sdk1.4.2/bin
PATH: /usr/local/bin
PATH: /usr/local/fsl/bin
PATH: /usr/kerberos/bin
PATH: /usr/local/bin
PATH: /bin
PATH: /usr/bin
PATH: /usr/X11R6/bin
PATH: /usr/local/express/bin/linux
PATH: /usr/local/express/bin
PATH: /usr/local/bin/mricro
PATH: /home/bing/bin
PATH: /home/bing/optimization/ampl
PATH: .


## ----------- ##
## Core tests. ##
## ----------- ##

configure:1311: checking for a BSD-compatible install
configure:1365: result: /usr/bin/install -c
configure:1376: checking whether build environment is sane
configure:1419: result: yes
configure:1452: checking for gawk
configure:1468: found /bin/gawk
configure:1478: result: gawk
configure:1488: checking whether make sets $(MAKE)
configure:1508: result: yes
configure:1705: checking for g++
configure:1721: found /usr/bin/g++
configure:1731: result: g++
configure:1747: checking for C++ compiler version
configure:1750: g++ --version </dev/null >&5
g++ (GCC) 3.4.2 20041017 (Red Hat 3.4.2-6.fc3)
Copyright (C) 2004 Free Software Foundation, Inc.
This is free software; see the source for copying conditions.  There is NO
warranty; not even for MERCHANTABILITY or FITNESS FOR A PARTICULAR PURPOSE.

configure:1753: $? = 0
configure:1755: g++ -v </dev/null >&5
Reading specs from /usr/lib/gcc/i386-redhat-linux/3.4.2/specs
Configured with: ../configure --prefix=/usr --mandir=/usr/share/man --infodir=/usr/share/info --enable-shared --enable-threads=posix --disable-checking --with-system-zlib --enable-__cxa_atexit --disable-libunwind-exceptions --enable-java-awt=gtk --host=i386-redhat-linux
Thread model: posix
gcc version 3.4.2 20041017 (Red Hat 3.4.2-6.fc3)
configure:1758: $? = 0
configure:1760: g++ -V </dev/null >&5
g++: `-V' option must have argument
configure:1763: $? = 1
configure:1787: checking for C++ compiler default output
configure:1790: g++    conftest.cc  >&5
configure:1793: $? = 0
configure:1839: result: a.out
configure:1844: checking whether the C++ compiler works
configure:1850: ./a.out
configure:1853: $? = 0
configure:1870: result: yes
configure:1877: checking whether we are cross compiling
configure:1879: result: no
configure:1882: checking for suffix of executables
configure:1884: g++ -o conftest    conftest.cc  >&5
configure:1887: $? = 0
configure:1912: result: 
configure:1918: checking for suffix of object files
configure:1940: g++ -c   conftest.cc >&5
configure:1943: $? = 0
configure:1965: result: o
configure:1969: checking whether we are using the GNU C++ compiler
configure:1994: g++ -c   conftest.cc >&5
configure:1997: $? = 0
configure:2000: test -s conftest.o
configure:2003: $? = 0
configure:2016: result: yes
configure:2022: checking whether g++ accepts -g
configure:2044: g++ -c -g  conftest.cc >&5
configure:2047: $? = 0
configure:2050: test -s conftest.o
configure:2053: $? = 0
configure:2064: result: yes
configure:2108: g++ -c -g -O2  conftest.cc >&5
configure:2111: $? = 0
configure:2114: test -s conftest.o
configure:2117: $? = 0
configure:2144: g++ -c -g -O2  conftest.cc >&5
configure: In function `int main()':
configure:2141: error: `exit' undeclared (first use this function)
configure:2141: error: (Each undeclared identifier is reported only once for each function it appears in.)
configure:2147: $? = 1
configure: failed program was:
| #line 2127 "configure"
| /* confdefs.h.  */
| 
| #define PACKAGE_NAME ""
| #define PACKAGE_TARNAME ""
| #define PACKAGE_VERSION ""
| #define PACKAGE_STRING ""
| #define PACKAGE_BUGREPORT ""
| #define PACKAGE "tclap"
| #define VERSION "1.0.5"
| /* end confdefs.h.  */
| 
| int
| main ()
| {
| exit (42);
|   ;
|   return 0;
| }
configure:2108: g++ -c -g -O2  conftest.cc >&5
configure:2111: $? = 0
configure:2114: test -s conftest.o
configure:2117: $? = 0
configure:2144: g++ -c -g -O2  conftest.cc >&5
configure:2147: $? = 0
configure:2150: test -s conftest.o
configure:2153: $? = 0
configure:2195: checking for style of include used by make
configure:2223: result: GNU
configure:2251: checking dependency style of g++
configure:2313: result: gcc3
configure:2319: checking whether the compiler implements namespaces
configure:2349: g++ -c -g -O2  conftest.cc >&5
configure:2352: $? = 0
configure:2355: test -s conftest.o
configure:2358: $? = 0
configure:2376: result: yes
configure:2386: checking whether the compiler has stringstream
configure:2420: g++ -c -g -O2  conftest.cc >&5
configure:2423: $? = 0
configure:2426: test -s conftest.o
configure:2429: $? = 0
configure:2447: result: yes
configure:2462: checking how to run the C++ preprocessor
configure:2494: g++ -E  conftest.cc
configure:2500: $? = 0
configure:2532: g++ -E  conftest.cc
configure:2538:28: ac_nonexistent.h: No such file or directory
configure:2538: $? = 1
configure: failed program was:
| #line 2523 "configure"
| /* confdefs.h.  */
| 
| #define PACKAGE_NAME ""
| #define PACKAGE_TARNAME ""
| #define PACKAGE_VERSION ""
| #define PACKAGE_STRING ""
| #define PACKAGE_BUGREPORT ""
| #define PACKAGE "tclap"
| #define VERSION "1.0.5"
| #ifdef __cplusplus
| #include <stdlib.h>
| #endif
| #define HAVE_NAMESPACES 1
| #define HAVE_SSTREAM 1
| /* end confdefs.h.  */
| #include <ac_nonexistent.h>
configure:2576: result: g++ -E
configure:2601: g++ -E  conftest.cc
configure:2607: $? = 0
configure:2639: g++ -E  conftest.cc
configure:2645:28: ac_nonexistent.h: No such file or directory
configure:2645: $? = 1
configure: failed program was:
| #line 2630 "configure"
| /* confdefs.h.  */
| 
| #define PACKAGE_NAME ""
| #define PACKAGE_TARNAME ""
| #define PACKAGE_VERSION ""
| #define PACKAGE_STRING ""
| #define PACKAGE_BUGREPORT ""
| #define PACKAGE "tclap"
| #define VERSION "1.0.5"
| #ifdef __cplusplus
| #include <stdlib.h>
| #endif
| #define HAVE_NAMESPACES 1
| #define HAVE_SSTREAM 1
| /* end confdefs.h.  */
| #include <ac_nonexistent.h>
configure:2688: checking for egrep
configure:2698: result: grep -E
configure:2703: checking for ANSI C header files
configure:2729: g++ -c -g -O2  conftest.cc >&5
configure:2732: $? = 0
configure:2735: test -s conftest.o
configure:2738: $? = 0
configure:2830: g++ -o conftest -g -O2   conftest.cc  >&5
configure:2833: $? = 0
configure:2835: ./conftest
configure:2838: $? = 0
configure:2853: result: yes
configure:2877: checking for sys/types.h
configure:2894: g++ -c -g -O2  conftest.cc >&5
configure:2897: $? = 0
configure:2900: test -s conftest.o
configure:2903: $? = 0
configure:2914: result: yes
configure:2877: checking for sys/stat.h
configure:2894: g++ -c -g -O2  conftest.cc >&5
configure:2897: $? = 0
configure:2900: test -s conftest.o
configure:2903: $? = 0
configure:2914: result: yes
configure:2877: checking for stdlib.h
configure:2894: g++ -c -g -O2  conftest.cc >&5
configure:2897: $? = 0
configure:2900: test -s conftest.o
configure:2903: $? = 0
configure:2914: result: yes
configure:2877: checking for string.h
configure:2894: g++ -c -g -O2  conftest.cc >&5
configure:2897: $? = 0
configure:2900: test -s conftest.o
configure:2903: $? = 0
configure:2914: result: yes
configure:2877: checking for memory.h
configure:2894: g++ -c -g -O2  conftest.cc >&5
configure:2897: $? = 0
configure:2900: test -s conftest.o
configure:2903: $? = 0
configure:2914: result: yes
configure:2877: checking for strings.h
configure:2894: g++ -c -g -O2  conftest.cc >&5
configure:2897: $? = 0
configure:2900: test -s conftest.o
configure:2903: $? = 0
configure:2914: result: yes
configure:2877: checking for inttypes.h
configure:2894: g++ -c -g -O2  conftest.cc >&5
configure:2897: $? = 0
configure:2900: test -s conftest.o
configure:2903: $? = 0
configure:2914: result: yes
configure:2877: checking for stdint.h
configure:2894: g++ -c -g -O2  conftest.cc >&5
configure:2897: $? = 0
configure:2900: test -s conftest.o
configure:2903: $? = 0
configure:2914: result: yes
configure:2877: checking for unistd.h
configure:2894: g++ -c -g -O2  conftest.cc >&5
configure:2897: $? = 0
configure:2900: test -s conftest.o
configure:2903: $? = 0
configure:2914: result: yes
configure:2926: checking whether the library defines class strstream
configure:2954: checking strstream usability
configure:2967: g++ -c -g -O2  conftest.cc >&5
In file included from /usr/lib/gcc/i386-redhat-linux/3.4.2/../../../../include/c++/3.4.2/backward/strstream:51,
                 from configure:3015:
/usr/lib/gcc/i386-redhat-linux/3.4.2/../../../../include/c++/3.4.2/backward/backward_warning.h:32:2: warning: #warning This file includes at least one deprecated or antiquated header. Please consider using one of the 32 headers found in section 17.4.1.2 of the C++ standard. Examples include substituting the <X> header for the <X.h> header for C++ includes, or <iostream> instead of the deprecated header <iostream.h>. To disable this warning use -Wno-deprecated.
configure:2970: $? = 0
configure:2973: test -s conftest.o
configure:2976: $? = 0
configure:2986: result: yes
configure:2990: checking strstream presence
configure:3001: g++ -E  conftest.cc
In file included from /usr/lib/gcc/i386-redhat-linux/3.4.2/../../../../include/c++/3.4.2/backward/strstream:51,
                 from configure:3017:
/usr/lib/gcc/i386-redhat-linux/3.4.2/../../../../include/c++/3.4.2/backward/backward_warning.h:32:2: warning: #warning This file includes at least one deprecated or antiquated header. Please consider using one of the 32 headers found in section 17.4.1.2 of the C++ standard. Examples include substituting the <X> header for the <X.h> header for C++ includes, or <iostream> instead of the deprecated header <iostream.h>. To disable this warning use -Wno-deprecated.
configure:3007: $? = 0
configure:3026: result: yes
configure:3062: checking for strstream
configure:3069: result: yes
configure:3107: g++ -c -g -O2  conftest.cc >&5
In file included from /usr/lib/gcc/i386-redhat-linux/3.4.2/../../../../include/c++/3.4.2/backward/strstream:51,
                 from configure:3110:
/usr/lib/gcc/i386-redhat-linux/3.4.2/../../../../include/c++/3.4.2/backward/backward_warning.h:32:2: warning: #warning This file includes at least one deprecated or antiquated header. Please consider using one of the 32 headers found in section 17.4.1.2 of the C++ standard. Examples include substituting the <X> header for the <X.h> header for C++ includes, or <iostream> instead of the deprecated header <iostream.h>. To disable this warning use -Wno-deprecated.
configure:3110: $? = 0
configure:3113: test -s conftest.o
configure:3116: $? = 0
configure:3134: result: yes
configure:3146: checking for dot
configure:3173: result: NO
configure:3221: checking for ranlib
configure:3237: found /usr/bin/ranlib
configure:3248: result: ranlib
configure:3272: checking for a BSD-compatible install
configure:3326: result: /usr/bin/install -c
configure:3348: checking for doxygen
configure:3366: found /usr/bin/doxygen
configure:3378: result: /usr/bin/doxygen
configure:3518: creating ./config.status

## ---------------------- ##
## Running config.status. ##
## ---------------------- ##

This file was extended by config.status, which was
generated by GNU Autoconf 2.57.  Invocation command line was

  CONFIG_FILES    = 
  CONFIG_HEADERS  = 
  CONFIG_LINKS    = 
  CONFIG_COMMANDS = 
  $ ./config.status 

on brains

config.status:663: creating Makefile
config.status:663: creating examples/Makefile
config.status:663: creating include/Makefile
config.status:663: creating include/tclap/Makefile
config.status:663: creating docs/Makefile
config.status:663: creating docs/Doxyfile
config.status:663: creating msc/Makefile
config.status:663: creating msc/examples/Makefile
config.status:663: creating tests/Makefile
config.status:767: creating config/config.h
config.status:986: executing depfiles commands
config.status:986: executing default commands

## ---------------- ##
## Cache variables. ##
## ---------------- ##

ac_cv_cxx_compiler_gnu=yes
ac_cv_cxx_have_class_strstream=yes
ac_cv_cxx_have_sstream=yes
ac_cv_cxx_namespaces=yes
ac_cv_env_CPPFLAGS_set=
ac_cv_env_CPPFLAGS_value=
ac_cv_env_CXXCPP_set=
ac_cv_env_CXXCPP_value=
ac_cv_env_CXXFLAGS_set=
ac_cv_env_CXXFLAGS_value=
ac_cv_env_CXX_set=
ac_cv_env_CXX_value=
ac_cv_env_LDFLAGS_set=
ac_cv_env_LDFLAGS_value=
ac_cv_env_build_alias_set=
ac_cv_env_build_alias_value=
ac_cv_env_host_alias_set=
ac_cv_env_host_alias_value=
ac_cv_env_target_alias_set=
ac_cv_env_target_alias_value=
ac_cv_exeext=
ac_cv_header_inttypes_h=yes
ac_cv_header_memory_h=yes
ac_cv_header_stdc=yes
ac_cv_header_stdint_h=yes
ac_cv_header_stdlib_h=yes
ac_cv_header_string_h=yes
ac_cv_header_strings_h=yes
ac_cv_header_strstream=yes
ac_cv_header_sys_stat_h=yes
ac_cv_header_sys_types_h=yes
ac_cv_header_unistd_h=yes
ac_cv_objext=o
ac_cv_path_DOXYGEN=/usr/bin/doxygen
ac_cv_path_install='/usr/bin/install -c'
ac_cv_prog_AWK=gawk
ac_cv_prog_CXXCPP='g++ -E'
ac_cv_prog_DOT=NO
ac_cv_prog_ac_ct_CXX=g++
ac_cv_prog_ac_ct_RANLIB=ranlib
ac_cv_prog_cxx_g=yes
ac_cv_prog_egrep='grep -E'
ac_cv_prog_make_make_set=yes
am_cv_CXX_dependencies_compiler_type=gcc3

## ----------------- ##
## Output variables. ##
## ----------------- ##

ACLOCAL='${SHELL} /home/bing/temp/tclap-1.0.5/config/missing --run aclocal-1.6'
AMDEPBACKSLASH='\'
AMDEP_FALSE='#'
AMDEP_TRUE=''
AMTAR='${SHELL} /home/bing/temp/tclap-1.0.5/config/missing --run tar'
AUTOCONF='${SHELL} /home/bing/temp/tclap-1.0.5/config/missing --run autoconf'
AUTOHEADER='${SHELL} /home/bing/temp/tclap-1.0.5/config/missing --run autoheader'
AUTOMAKE='${SHELL} /home/bing/temp/tclap-1.0.5/config/missing --run automake-1.6'
AWK='gawk'
CPPFLAGS=''
CXX='g++'
CXXCPP='g++ -E'
CXXDEPMODE='depmode=gcc3'
CXXFLAGS='-g -O2'
DEFS='-DHAVE_CONFIG_H'
DEPDIR='.deps'
DOC_FALSE='#'
DOC_TRUE=''
DOT='NO'
DOXYGEN='/usr/bin/doxygen'
ECHO_C=''
ECHO_N='-n'
ECHO_T=''
EGREP='grep -E'
EXEEXT=''
INSTALL_DATA='${INSTALL} -m 644'
INSTALL_PROGRAM='${INSTALL}'
INSTALL_SCRIPT='${INSTALL}'
INSTALL_STRIP_PROGRAM='${SHELL} $(install_sh) -c -s'
LDFLAGS=''
LIBOBJS=''
LIBS=''
LTLIBOBJS=''
MAKEINFO='${SHELL} /home/bing/temp/tclap-1.0.5/config/missing --run makeinfo'
OBJEXT='o'
PACKAGE='tclap'
PACKAGE_BUGREPORT=''
PACKAGE_NAME=''
PACKAGE_STRING=''
PACKAGE_TARNAME=''
PACKAGE_VERSION=''
PATH_SEPARATOR=':'
RANLIB='ranlib'
SET_MAKE=''
SHELL='/bin/sh'
STRIP=''
VERSION='1.0.5'
ac_ct_CXX='g++'
ac_ct_RANLIB='ranlib'
ac_ct_STRIP=''
am__include='include'
am__quote=''
bindir='${exec_prefix}/bin'
build_alias=''
datadir='${prefix}/share'
exec_prefix='${prefix}'
host_alias=''
includedir='${prefix}/include'
infodir='${prefix}/info'
install_sh='/home/bing/temp/tclap-1.0.5/config/install-sh'
libdir='${exec_prefix}/lib'
libexecdir='${exec_prefix}/libexec'
localstatedir='${prefix}/var'
mandir='${prefix}/man'
oldincludedir='/usr/include'
prefix='/usr/local'
program_transform_name='s,x,x,'
sbindir='${exec_prefix}/sbin'
sharedstatedir='${prefix}/com'
sysconfdir='${prefix}/etc'
target_alias=''

## ----------- ##
## confdefs.h. ##
## ----------- ##

#define HAVE_CLASS_STRSTREAM 1
#define HAVE_INTTYPES_H 1
#define HAVE_MEMORY_H 1
#define HAVE_NAMESPACES 1
#define HAVE_SSTREAM 1
#define HAVE_STDINT_H 1
#define HAVE_STDLIB_H 1
#define HAVE_STRINGS_H 1
#define HAVE_STRING_H 1
#define HAVE_STRSTREAM 1
#define HAVE_SYS_STAT_H 1
#define HAVE_SYS_TYPES_H 1
#define HAVE_UNISTD_H 1
#define PACKAGE "tclap"
#define PACKAGE_BUGREPORT ""
#define PACKAGE_NAME ""
#define PACKAGE_STRING ""
#define PACKAGE_TARNAME ""
#define PACKAGE_VERSION ""
#define STDC_HEADERS 1
#define VERSION "1.0.5"
#endif
#ifdef __cplusplus
#include <stdlib.h>

configure: exit 0
